Tue Jun 20 09:17:26 JST 2017

bin_dir   : /home/axis/hddaq/Frontend/fe_easiroc01_node/script
param_dir : /home/axis/hddaq/Frontend/fe_easiroc01_node/script/Input8bitDAC
temp_dir  : inputdac_g30_temp22.0
easiroc00 : Input8bitDAC_0.txt
easiroc01 : Input8bitDAC_1.txt
easiroc02 : Input8bitDAC_2.txt
easiroc03 : Input8bitDAC_3.txt
easiroc04 : Input8bitDAC_4.txt
easiroc05 : Input8bitDAC_5.txt
easiroc06 : Input8bitDAC_6.txt
easiroc07 : Input8bitDAC_7.txt
easiroc08 : Input8bitDAC_8.txt
easiroc09 : Input8bitDAC_9.txt

Fri Jun 23 12:33:18 JST 2017

bin_dir   : /home/axis/hddaq/Frontend/fe_easiroc01_node/script
param_dir : /home/axis/hddaq/Frontend/fe_easiroc01_node/script/Input8bitDAC
temp_dir  : inputdac_g30_temp23.0
easiroc00 : Input8bitDAC_0.txt
easiroc01 : Input8bitDAC_1.txt
easiroc02 : Input8bitDAC_2.txt
easiroc03 : Input8bitDAC_3.txt
easiroc04 : Input8bitDAC_4.txt
easiroc05 : Input8bitDAC_5.txt
easiroc06 : Input8bitDAC_6.txt
easiroc07 : Input8bitDAC_7.txt
easiroc08 : Input8bitDAC_8.txt
easiroc09 : Input8bitDAC_9.txt

Sat Jun 24 09:28:11 JST 2017

bin_dir   : /home/axis/hddaq/Frontend/fe_easiroc01_node/script
param_dir : /home/axis/hddaq/Frontend/fe_easiroc01_node/script/Input8bitDAC
temp_dir  : inputdac_g30_temp24.0
easiroc00 : Input8bitDAC_0.txt
easiroc01 : Input8bitDAC_1.txt
easiroc02 : Input8bitDAC_2.txt
easiroc03 : Input8bitDAC_3.txt
easiroc04 : Input8bitDAC_4.txt
easiroc05 : Input8bitDAC_5.txt
easiroc06 : Input8bitDAC_6.txt
easiroc07 : Input8bitDAC_7.txt
easiroc08 : Input8bitDAC_8.txt
easiroc09 : Input8bitDAC_9.txt

Mon Jun 26 07:22:03 JST 2017

bin_dir   : /home/axis/hddaq/Frontend/fe_easiroc01_node/script
param_dir : /home/axis/hddaq/Frontend/fe_easiroc01_node/script/Input8bitDAC
temp_dir  : inputdac_g30_temp23.0
easiroc00 : Input8bitDAC_0.txt
easiroc01 : Input8bitDAC_1.txt
easiroc02 : Input8bitDAC_2.txt
easiroc03 : Input8bitDAC_3.txt
easiroc04 : Input8bitDAC_4.txt
easiroc05 : Input8bitDAC_5.txt
easiroc06 : Input8bitDAC_6.txt
easiroc07 : Input8bitDAC_7.txt
easiroc08 : Input8bitDAC_8.txt
easiroc09 : Input8bitDAC_9.txt

Mon Jun 26 10:03:14 JST 2017

bin_dir   : /home/axis/hddaq/Frontend/fe_easiroc01_node/script
param_dir : /home/axis/hddaq/Frontend/fe_easiroc01_node/script/Input8bitDAC
temp_dir  : inputdac_g30_temp24.0
easiroc00 : Input8bitDAC_0.txt
easiroc01 : Input8bitDAC_1.txt
easiroc02 : Input8bitDAC_2.txt
easiroc03 : Input8bitDAC_3.txt
easiroc04 : Input8bitDAC_4.txt
easiroc05 : Input8bitDAC_5.txt
easiroc06 : Input8bitDAC_6.txt
easiroc07 : Input8bitDAC_7.txt
easiroc08 : Input8bitDAC_8.txt
easiroc09 : Input8bitDAC_9.txt

Wed Jun 28 11:08:16 JST 2017

bin_dir   : /home/axis/hddaq/Frontend/fe_easiroc01_node/script
param_dir : /home/axis/hddaq/Frontend/fe_easiroc01_node/script/Input8bitDAC
temp_dir  : inputdac_g30_temp19.0
easiroc00 : Input8bitDAC_0.txt
easiroc01 : Input8bitDAC_1.txt
easiroc02 : Input8bitDAC_2.txt
easiroc03 : Input8bitDAC_3.txt
easiroc04 : Input8bitDAC_4.txt
easiroc05 : Input8bitDAC_5.txt
easiroc06 : Input8bitDAC_6.txt
easiroc07 : Input8bitDAC_7.txt
easiroc08 : Input8bitDAC_8.txt
easiroc09 : Input8bitDAC_9.txt

Thu Jun 29 00:02:12 JST 2017

bin_dir   : /home/axis/hddaq/Frontend/fe_easiroc01_node/script
param_dir : /home/axis/hddaq/Frontend/fe_easiroc01_node/script/Input8bitDAC
temp_dir  : inputdac_g30_temp22.0
easiroc00 : Input8bitDAC_0.txt
easiroc01 : Input8bitDAC_1.txt
easiroc02 : Input8bitDAC_2.txt
easiroc03 : Input8bitDAC_3.txt
easiroc04 : Input8bitDAC_4.txt
easiroc05 : Input8bitDAC_5.txt
easiroc06 : Input8bitDAC_6.txt
easiroc07 : Input8bitDAC_7.txt
easiroc08 : Input8bitDAC_8.txt
easiroc09 : Input8bitDAC_9.txt

Thu Jun 29 05:23:00 JST 2017

bin_dir   : /home/axis/hddaq/Frontend/fe_easiroc01_node/script
param_dir : /home/axis/hddaq/Frontend/fe_easiroc01_node/script/Input8bitDAC
temp_dir  : inputdac_g30_temp23.0
easiroc00 : Input8bitDAC_0.txt
easiroc01 : Input8bitDAC_1.txt
easiroc02 : Input8bitDAC_2.txt
easiroc03 : Input8bitDAC_3.txt
easiroc04 : Input8bitDAC_4.txt
easiroc05 : Input8bitDAC_5.txt
easiroc06 : Input8bitDAC_6.txt
easiroc07 : Input8bitDAC_7.txt
easiroc08 : Input8bitDAC_8.txt
easiroc09 : Input8bitDAC_9.txt

Thu Jun 29 14:35:40 JST 2017

bin_dir   : /home/axis/hddaq/Frontend/fe_easiroc01_node/script
param_dir : /home/axis/hddaq/Frontend/fe_easiroc01_node/script/Input8bitDAC
temp_dir  : inputdac_g30_temp24.0
easiroc00 : Input8bitDAC_0.txt
easiroc01 : Input8bitDAC_1.txt
easiroc02 : Input8bitDAC_2.txt
easiroc03 : Input8bitDAC_3.txt
easiroc04 : Input8bitDAC_4.txt
easiroc05 : Input8bitDAC_5.txt
easiroc06 : Input8bitDAC_6.txt
easiroc07 : Input8bitDAC_7.txt
easiroc08 : Input8bitDAC_8.txt
easiroc09 : Input8bitDAC_9.txt

Fri Jun 30 10:59:55 JST 2017

bin_dir   : /home/axis/hddaq/Frontend/fe_easiroc01_node/script
param_dir : /home/axis/hddaq/Frontend/fe_easiroc01_node/script/Input8bitDAC
temp_dir  : inputdac_g30_temp19.0
easiroc00 : Input8bitDAC_0.txt
easiroc01 : Input8bitDAC_1.txt
easiroc02 : Input8bitDAC_2.txt
easiroc03 : Input8bitDAC_3.txt
easiroc04 : Input8bitDAC_4.txt
easiroc05 : Input8bitDAC_5.txt
easiroc06 : Input8bitDAC_6.txt
easiroc07 : Input8bitDAC_7.txt
easiroc08 : Input8bitDAC_8.txt
easiroc09 : Input8bitDAC_9.txt

Fri Jun 30 15:28:54 JST 2017

bin_dir   : /home/axis/hddaq/Frontend/fe_easiroc01_node/script
param_dir : /home/axis/hddaq/Frontend/fe_easiroc01_node/script/Input8bitDAC
temp_dir  : inputdac_g30_temp22.0
easiroc00 : Input8bitDAC_0.txt
easiroc01 : Input8bitDAC_1.txt
easiroc02 : Input8bitDAC_2.txt
easiroc03 : Input8bitDAC_3.txt
easiroc04 : Input8bitDAC_4.txt
easiroc05 : Input8bitDAC_5.txt
easiroc06 : Input8bitDAC_6.txt
easiroc07 : Input8bitDAC_7.txt
easiroc08 : Input8bitDAC_8.txt
easiroc09 : Input8bitDAC_9.txt

Fri Jun 30 15:29:47 JST 2017

bin_dir   : /home/axis/hddaq/Frontend/fe_easiroc01_node/script
param_dir : /home/axis/hddaq/Frontend/fe_easiroc01_node/script/Input8bitDAC
temp_dir  : inputdac_g30_temp23.0
easiroc00 : Input8bitDAC_0.txt
easiroc01 : Input8bitDAC_1.txt
easiroc02 : Input8bitDAC_2.txt
easiroc03 : Input8bitDAC_3.txt
easiroc04 : Input8bitDAC_4.txt
easiroc05 : Input8bitDAC_5.txt
easiroc06 : Input8bitDAC_6.txt
easiroc07 : Input8bitDAC_7.txt
easiroc08 : Input8bitDAC_8.txt
easiroc09 : Input8bitDAC_9.txt

Thu Feb  1 04:13:10 JST 2018

bin_dir   : /home/axis/hddaq/Frontend/fe_easiroc01_node/script
param_dir : /home/axis/hddaq/Frontend/fe_easiroc01_node/script/Input8bitDAC
temp_dir  : inputdac_g30_temp24.0
easiroc00 : Input8bitDAC_0.txt
easiroc01 : Input8bitDAC_1.txt
easiroc02 : Input8bitDAC_2.txt
easiroc03 : Input8bitDAC_3.txt
easiroc04 : Input8bitDAC_4.txt
easiroc05 : Input8bitDAC_5.txt
easiroc06 : Input8bitDAC_6.txt
easiroc07 : Input8bitDAC_7.txt
easiroc08 : Input8bitDAC_8.txt
easiroc09 : Input8bitDAC_9.txt

Wed Nov 30 11:03:27 JST 2022

bin_dir   : /home/axis/hddaq/Frontend/fe_easiroc01_node/script
param_dir : /home/axis/hddaq/Frontend/fe_easiroc01_node/script/Input8bitDAC
temp_dir  : inputdac_e70_20221129
easiroc00 : Input8bitDAC_0.txt
easiroc01 : Input8bitDAC_1.txt
easiroc02 : Input8bitDAC_2.txt
easiroc03 : Input8bitDAC_3.txt
easiroc04 : Input8bitDAC_4.txt
easiroc05 : Input8bitDAC_5.txt
easiroc06 : Input8bitDAC_6.txt
easiroc07 : Input8bitDAC_7.txt
easiroc08 : Input8bitDAC_8.txt
easiroc09 : Input8bitDAC_9.txt

Wed Nov 30 14:29:22 JST 2022

bin_dir   : /home/axis/hddaq/Frontend/fe_easiroc01_node/script
param_dir : /home/axis/hddaq/Frontend/fe_easiroc01_node/script/Input8bitDAC
temp_dir  : inputdac_e70_20221129
easiroc00 : Input8bitDAC_0.txt
easiroc01 : Input8bitDAC_1.txt
easiroc02 : Input8bitDAC_2.txt
easiroc03 : Input8bitDAC_3.txt
easiroc04 : Input8bitDAC_4.txt
easiroc05 : Input8bitDAC_5.txt
easiroc06 : Input8bitDAC_6.txt
easiroc07 : Input8bitDAC_7.txt
easiroc08 : Input8bitDAC_8.txt
easiroc09 : Input8bitDAC_9.txt

Wed Nov 30 14:52:44 JST 2022

bin_dir   : /home/axis/hddaq/Frontend/fe_easiroc01_node/script
param_dir : /home/axis/hddaq/Frontend/fe_easiroc01_node/script/Input8bitDAC
temp_dir  : inputdac_e70_20221129
easiroc00 : Input8bitDAC_0.txt
easiroc01 : Input8bitDAC_1.txt
easiroc02 : Input8bitDAC_2.txt
easiroc03 : Input8bitDAC_3.txt
easiroc04 : Input8bitDAC_4.txt
easiroc05 : Input8bitDAC_5.txt
easiroc06 : Input8bitDAC_6.txt
easiroc07 : Input8bitDAC_7.txt
easiroc08 : Input8bitDAC_8.txt
easiroc09 : Input8bitDAC_9.txt

Wed Nov 30 15:20:35 JST 2022

bin_dir   : /home/axis/hddaq/Frontend/fe_easiroc01_node/script
param_dir : /home/axis/hddaq/Frontend/fe_easiroc01_node/script/Input8bitDAC
temp_dir  : inputdac_e70_20221129
easiroc00 : Input8bitDAC_0.txt
easiroc01 : Input8bitDAC_1.txt
easiroc02 : Input8bitDAC_2.txt
easiroc03 : Input8bitDAC_3.txt
easiroc04 : Input8bitDAC_4.txt
easiroc05 : Input8bitDAC_5.txt
easiroc06 : Input8bitDAC_6.txt
easiroc07 : Input8bitDAC_7.txt
easiroc08 : Input8bitDAC_8.txt
easiroc09 : Input8bitDAC_9.txt

Wed Nov 30 16:57:57 JST 2022

bin_dir   : /home/axis/hddaq/Frontend/fe_easiroc01_node/script
param_dir : /home/axis/hddaq/Frontend/fe_easiroc01_node/script/Input8bitDAC
temp_dir  : inputdac_e70_20221129
easiroc00 : Input8bitDAC_0.txt
easiroc01 : Input8bitDAC_1.txt
easiroc02 : Input8bitDAC_2.txt
easiroc03 : Input8bitDAC_3.txt
easiroc04 : Input8bitDAC_4.txt
easiroc05 : Input8bitDAC_5.txt
easiroc06 : Input8bitDAC_6.txt
easiroc07 : Input8bitDAC_7.txt
easiroc08 : Input8bitDAC_8.txt
easiroc09 : Input8bitDAC_9.txt

Mon Dec  5 14:41:34 JST 2022

bin_dir   : /home/axis/hddaq/Frontend/fe_easiroc01_node/script
param_dir : /home/axis/hddaq/Frontend/fe_easiroc01_node/script/Input8bitDAC
temp_dir  : inputdac_e70_20221129
easiroc00 : Input8bitDAC_0.txt
easiroc01 : Input8bitDAC_1.txt
easiroc02 : Input8bitDAC_2.txt
easiroc03 : Input8bitDAC_3.txt
easiroc04 : Input8bitDAC_4.txt
easiroc05 : Input8bitDAC_5.txt
easiroc06 : Input8bitDAC_6.txt
easiroc07 : Input8bitDAC_7.txt
easiroc08 : Input8bitDAC_8.txt
easiroc09 : Input8bitDAC_9.txt

Mon Mar 25 14:28:57 JST 2024

bin_dir   : /home/axis/hddaq/Frontend/fe_easiroc01_node/script
param_dir : /home/axis/hddaq/Frontend/fe_easiroc01_node/script/Input8bitDAC
temp_dir  : inputdac_e70_20221129
easiroc00 : Input8bitDAC_0.txt
easiroc01 : Input8bitDAC_1.txt
easiroc02 : Input8bitDAC_2.txt
easiroc03 : Input8bitDAC_3.txt
easiroc04 : Input8bitDAC_4.txt
easiroc05 : Input8bitDAC_5.txt
easiroc06 : Input8bitDAC_6.txt
easiroc07 : Input8bitDAC_7.txt
easiroc08 : Input8bitDAC_8.txt
easiroc09 : Input8bitDAC_9.txt

Mon Mar 25 14:36:37 JST 2024

bin_dir   : /home/axis/hddaq/Frontend/fe_easiroc01_node/script
param_dir : /home/axis/hddaq/Frontend/fe_easiroc01_node/script/Input8bitDAC
temp_dir  : inputdac_e70_20221129
easiroc00 : Input8bitDAC_0.txt
easiroc01 : Input8bitDAC_1.txt
easiroc02 : Input8bitDAC_2.txt
easiroc03 : Input8bitDAC_3.txt
easiroc04 : Input8bitDAC_4.txt
easiroc05 : Input8bitDAC_5.txt
easiroc06 : Input8bitDAC_6.txt
easiroc07 : Input8bitDAC_7.txt
easiroc08 : Input8bitDAC_8.txt
easiroc09 : Input8bitDAC_9.txt

Mon Mar 25 14:42:42 JST 2024

bin_dir   : /home/axis/hddaq/Frontend/fe_easiroc01_node/script
param_dir : /home/axis/hddaq/Frontend/fe_easiroc01_node/script/Input8bitDAC
temp_dir  : inputdac_e70_20221129
easiroc00 : Input8bitDAC_0.txt
easiroc01 : Input8bitDAC_1.txt
easiroc02 : Input8bitDAC_2.txt
easiroc03 : Input8bitDAC_3.txt
easiroc04 : Input8bitDAC_4.txt
easiroc05 : Input8bitDAC_5.txt
easiroc06 : Input8bitDAC_6.txt
easiroc07 : Input8bitDAC_7.txt
easiroc08 : Input8bitDAC_8.txt
easiroc09 : Input8bitDAC_9.txt

Mon Mar 25 14:47:02 JST 2024

bin_dir   : /home/axis/hddaq/Frontend/fe_easiroc01_node/script
param_dir : /home/axis/hddaq/Frontend/fe_easiroc01_node/script/Input8bitDAC
temp_dir  : inputdac_e70_20221129
easiroc00 : Input8bitDAC_0.txt
easiroc01 : Input8bitDAC_1.txt
easiroc02 : Input8bitDAC_2.txt
easiroc03 : Input8bitDAC_3.txt
easiroc04 : Input8bitDAC_4.txt
easiroc05 : Input8bitDAC_5.txt
easiroc06 : Input8bitDAC_6.txt
easiroc07 : Input8bitDAC_7.txt
easiroc08 : Input8bitDAC_8.txt
easiroc09 : Input8bitDAC_9.txt

Mon Mar 25 14:50:46 JST 2024

bin_dir   : /home/axis/hddaq/Frontend/fe_easiroc01_node/script
param_dir : /home/axis/hddaq/Frontend/fe_easiroc01_node/script/Input8bitDAC
temp_dir  : inputdac_e70_20221129
easiroc00 : Input8bitDAC_0.txt
easiroc01 : Input8bitDAC_1.txt
easiroc02 : Input8bitDAC_2.txt
easiroc03 : Input8bitDAC_3.txt
easiroc04 : Input8bitDAC_4.txt
easiroc05 : Input8bitDAC_5.txt
easiroc06 : Input8bitDAC_6.txt
easiroc07 : Input8bitDAC_7.txt
easiroc08 : Input8bitDAC_8.txt
easiroc09 : Input8bitDAC_9.txt

Mon Mar 25 14:56:37 JST 2024

bin_dir   : /home/axis/hddaq/Frontend/fe_easiroc01_node/script
param_dir : /home/axis/hddaq/Frontend/fe_easiroc01_node/script/Input8bitDAC
temp_dir  : inputdac_e70_20221129
easiroc00 : Input8bitDAC_0.txt
easiroc01 : Input8bitDAC_1.txt
easiroc02 : Input8bitDAC_2.txt
easiroc03 : Input8bitDAC_3.txt
easiroc04 : Input8bitDAC_4.txt
easiroc05 : Input8bitDAC_5.txt
easiroc06 : Input8bitDAC_6.txt
easiroc07 : Input8bitDAC_7.txt
easiroc08 : Input8bitDAC_8.txt
easiroc09 : Input8bitDAC_9.txt

Mon Mar 25 15:00:51 JST 2024

bin_dir   : /home/axis/hddaq/Frontend/fe_easiroc01_node/script
param_dir : /home/axis/hddaq/Frontend/fe_easiroc01_node/script/Input8bitDAC
temp_dir  : inputdac_e70_20221129
easiroc00 : Input8bitDAC_0.txt
easiroc01 : Input8bitDAC_1.txt
easiroc02 : Input8bitDAC_2.txt
easiroc03 : Input8bitDAC_3.txt
easiroc04 : Input8bitDAC_4.txt
easiroc05 : Input8bitDAC_5.txt
easiroc06 : Input8bitDAC_6.txt
easiroc07 : Input8bitDAC_7.txt
easiroc08 : Input8bitDAC_8.txt
easiroc09 : Input8bitDAC_9.txt

Mon Mar 25 15:05:46 JST 2024

bin_dir   : /home/axis/hddaq/Frontend/fe_easiroc01_node/script
param_dir : /home/axis/hddaq/Frontend/fe_easiroc01_node/script/Input8bitDAC
temp_dir  : inputdac_e70_20221129
easiroc00 : Input8bitDAC_0.txt
easiroc01 : Input8bitDAC_1.txt
easiroc02 : Input8bitDAC_2.txt
easiroc03 : Input8bitDAC_3.txt
easiroc04 : Input8bitDAC_4.txt
easiroc05 : Input8bitDAC_5.txt
easiroc06 : Input8bitDAC_6.txt
easiroc07 : Input8bitDAC_7.txt
easiroc08 : Input8bitDAC_8.txt
easiroc09 : Input8bitDAC_9.txt

Mon Mar 25 15:06:06 JST 2024

bin_dir   : /home/axis/hddaq/Frontend/fe_easiroc01_node/script
param_dir : /home/axis/hddaq/Frontend/fe_easiroc01_node/script/Input8bitDAC
temp_dir  : inputdac_e70_20221129
easiroc00 : Input8bitDAC_0.txt
easiroc01 : Input8bitDAC_1.txt
easiroc02 : Input8bitDAC_2.txt
easiroc03 : Input8bitDAC_3.txt
easiroc04 : Input8bitDAC_4.txt
easiroc05 : Input8bitDAC_5.txt
easiroc06 : Input8bitDAC_6.txt
easiroc07 : Input8bitDAC_7.txt
easiroc08 : Input8bitDAC_8.txt
easiroc09 : Input8bitDAC_9.txt

Mon Mar 25 15:06:35 JST 2024

bin_dir   : /home/axis/hddaq/Frontend/fe_easiroc01_node/script
param_dir : /home/axis/hddaq/Frontend/fe_easiroc01_node/script/Input8bitDAC
temp_dir  : inputdac_e70_20221129
easiroc00 : Input8bitDAC_0.txt
easiroc01 : Input8bitDAC_1.txt
easiroc02 : Input8bitDAC_2.txt
easiroc03 : Input8bitDAC_3.txt
easiroc04 : Input8bitDAC_4.txt
easiroc05 : Input8bitDAC_5.txt
easiroc06 : Input8bitDAC_6.txt
easiroc07 : Input8bitDAC_7.txt
easiroc08 : Input8bitDAC_8.txt
easiroc09 : Input8bitDAC_9.txt

Mon Mar 25 15:09:58 JST 2024

bin_dir   : /home/axis/hddaq/Frontend/fe_easiroc01_node/script
param_dir : /home/axis/hddaq/Frontend/fe_easiroc01_node/script/Input8bitDAC
temp_dir  : inputdac_e70_20221129
easiroc00 : Input8bitDAC_0.txt
easiroc01 : Input8bitDAC_1.txt
easiroc02 : Input8bitDAC_2.txt
easiroc03 : Input8bitDAC_3.txt
easiroc04 : Input8bitDAC_4.txt
easiroc05 : Input8bitDAC_5.txt
easiroc06 : Input8bitDAC_6.txt
easiroc07 : Input8bitDAC_7.txt
easiroc08 : Input8bitDAC_8.txt
easiroc09 : Input8bitDAC_9.txt
